{
  "stats": {
    "suites": 1,
    "tests": 1,
    "passes": 1,
    "pending": 0,
    "failures": 0,
    "start": "2019-03-22T13:58:34.603Z",
    "end": "2019-03-22T13:58:34.690Z",
    "duration": 87,
    "testsRegistered": 1,
    "passPercent": 100,
    "pendingPercent": 0,
    "other": 0,
    "hasOther": false,
    "skipped": 0,
    "hasSkipped": false,
    "passPercentClass": "success",
    "pendingPercentClass": "danger"
  },
  "suites": {
    "uuid": "14b29570-cb4f-4738-a54e-b25f37e441a1",
    "title": "",
    "fullFile": "",
    "file": "",
    "beforeHooks": [],
    "afterHooks": [],
    "tests": [],
    "suites": [
      {
        "uuid": "28e8f60b-65c3-4d92-a8a4-6f6400018031",
        "title": "Node接口测试",
        "fullFile": "/Users/yuanzhijia/Desktop/yd-test/tests/service/router.spec.js",
        "file": "/tests/service/router.spec.js",
        "beforeHooks": [],
        "afterHooks": [],
        "tests": [
          {
            "title": "test接口测试",
            "fullTitle": "Node接口测试 test接口测试",
            "timedOut": false,
            "duration": 45,
            "state": "passed",
            "speed": "medium",
            "pass": true,
            "fail": false,
            "pending": false,
            "code": "request()\n.get(\"/test\")\n.expect(200)\n.expect(\"Content-Type\",/json/)\n.end(function(err,res){\n    if(err){\n        done(err);\n    }\n    if(res.body.data == \"Hello Yideng\"){\n        done();\n    }else{\n        done(new Error(\"接口数据异常\"))\n    }\n})",
            "err": {},
            "isRoot": false,
            "uuid": "706b36c2-f0af-46c1-9a33-ae1f46114bba",
            "isHook": false,
            "skipped": false
          }
        ],
        "suites": [],
        "passes": [
          "706b36c2-f0af-46c1-9a33-ae1f46114bba"
        ],
        "failures": [],
        "pending": [],
        "skipped": [],
        "duration": 45,
        "root": false,
        "rootEmpty": false,
        "_timeout": 2000
      }
    ],
    "passes": [],
    "failures": [],
    "pending": [],
    "skipped": [],
    "duration": 0,
    "root": true,
    "rootEmpty": true,
    "_timeout": 2000
  },
  "copyrightYear": 2019
}